{"C:\\Users\\milan\\OneDrive\\Desktop\\namaste-react-1\\src\\components\\ContactUS.js": {"path":"C:\\Users\\milan\\OneDrive\\Desktop\\namaste-react-1\\src\\components\\ContactUS.js","statementMap":{"0":{"start":{"line":3,"column":18},"end":{"line":5,"column":1}},"1":{"start":{"line":4,"column":2},"end":{"line":4,"column":48}}},"fnMap":{"0":{"name":"(anonymous_0)","decl":{"start":{"line":3,"column":18},"end":{"line":3,"column":19}},"loc":{"start":{"line":3,"column":24},"end":{"line":5,"column":1}},"line":3}},"branchMap":{},"s":{"0":1,"1":1},"f":{"0":1},"b":{},"_coverageSchema":"1a1c01bbd47fc00a2c39e90264f33305004495a9","hash":"ae18132410caf163a1c5095fbe656ecff1dbacea"}
}
